#
# There is insufficient memory for the Java Runtime Environment to continue.
# Native memory allocation (malloc) failed to allocate 51008 bytes for Chunk::new
# Possible reasons:
#   The system is out of physical RAM or swap space
#   The process is running with CompressedOops enabled, and the Java Heap may be blocking the growth of the native heap
# Possible solutions:
#   Reduce memory load on the system
#   Increase physical memory or swap space
#   Check if swap backing store is full
#   Decrease Java heap size (-Xmx/-Xms)
#   Decrease number of Java threads
#   Decrease Java thread stack sizes (-Xss)
#   Set larger code cache with -XX:ReservedCodeCacheSize=
#   JVM is running with Unscaled Compressed Oops mode in which the Java heap is
#     placed in the first 4GB address space. The Java Heap base address is the
#     maximum limit for the native heap growth. Please use -XX:HeapBaseMinAddress
#     to set the Java Heap base and to place the Java Heap above 4GB virtual address.
# This output file may be truncated or incomplete.
#
#  Out of Memory Error (./open/src/hotspot/share/memory/arena.cpp:197), pid=4584, tid=8640
#
# JRE version: Java(TM) SE Runtime Environment 18.9 (11.0.11+9) (build 11.0.11+9-LTS-194)
# Java VM: Java HotSpot(TM) 64-Bit Server VM 18.9 (11.0.11+9-LTS-194, mixed mode, tiered, compressed oops, g1 gc, windows-amd64)
# No core dump will be written. Minidumps are not enabled by default on client versions of Windows
#

---------------  S U M M A R Y ------------

Command Line: -Dfile.encoding=Cp1252 Udemy.RowColoumnCount

Host: Intel(R) Core(TM) i3-4005U CPU @ 1.70GHz, 4 cores, 3G,  Windows 8 , 64 bit Build 9200 (6.2.9200.16384)
Time: Thu Apr 28 19:47:05 2022 India Standard Time elapsed time: 7.399353 seconds (0d 0h 0m 7s)

---------------  T H R E A D  ---------------

Current thread (0x00000081425ce000):  JavaThread "C2 CompilerThread0" daemon [_thread_in_native, id=8640, stack(0x0000008143460000,0x0000008143560000)]


Current CompileTask:
C2:   7399 1394  s!   4       jdk.internal.loader.URLClassPath::getLoader (194 bytes)

Stack: [0x0000008143460000,0x0000008143560000]
Native frames: (J=compiled Java code, j=interpreted, Vv=VM code, C=native code)
V  [jvm.dll+0x616f2a]
V  [jvm.dll+0x74de7f]
V  [jvm.dll+0x74f505]
V  [jvm.dll+0x74fb83]
V  [jvm.dll+0x2436d8]
V  [jvm.dll+0xba68c]
V  [jvm.dll+0xba7fd]
V  [jvm.dll+0x672c6c]
V  [jvm.dll+0x533334]
V  [jvm.dll+0x51e838]
V  [jvm.dll+0x51bce1]
V  [jvm.dll+0x51db41]
V  [jvm.dll+0x51d2c5]
V  [jvm.dll+0x51caaf]
V  [jvm.dll+0x51ca76]
V  [jvm.dll+0x51ca76]
V  [jvm.dll+0x51ca76]
V  [jvm.dll+0x51ca76]
V  [jvm.dll+0x52c7f0]
V  [jvm.dll+0x1feafb]
V  [jvm.dll+0x1fc10f]
V  [jvm.dll+0x17f0bc]
V  [jvm.dll+0x20b68c]
V  [jvm.dll+0x20978b]
V  [jvm.dll+0x7152c9]
V  [jvm.dll+0x70dfc4]
V  [jvm.dll+0x6160f6]
C  [ucrtbase.DLL+0x1d912]
C  [KERNEL32.DLL+0x167e]
C  [ntdll.dll+0x1c3f1]


---------------  P R O C E S S  ---------------

Threads class SMR info:
_java_thread_list=0x00000081443998e0, length=19, elements={
0x0000008125f14000, 0x000000814255b000, 0x0000008142564800, 0x00000081425ca800,
0x00000081425cb800, 0x00000081425ce000, 0x000000814257a000, 0x000000814257f000,
0x00000081438ab800, 0x00000081438be000, 0x0000008144562800, 0x0000008144a9e000,
0x0000008144547800, 0x00000081445bd000, 0x0000008143a98000, 0x000000814397c000,
0x000000814397d000, 0x0000008144428800, 0x000000814442d000
}

Java Threads: ( => current thread )
  0x0000008125f14000 JavaThread "Forwarding newSession on session null to remote" [_thread_in_vm, id=4248, stack(0x0000008123e50000,0x0000008123f50000)]
  0x000000814255b000 JavaThread "Reference Handler" daemon [_thread_blocked, id=10740, stack(0x0000008142ed0000,0x0000008142fd0000)]
  0x0000008142564800 JavaThread "Finalizer" daemon [_thread_blocked, id=6300, stack(0x0000008142fd0000,0x00000081430d0000)]
  0x00000081425ca800 JavaThread "Signal Dispatcher" daemon [_thread_blocked, id=4400, stack(0x0000008143260000,0x0000008143360000)]
  0x00000081425cb800 JavaThread "Attach Listener" daemon [_thread_blocked, id=1608, stack(0x0000008143360000,0x0000008143460000)]
=>0x00000081425ce000 JavaThread "C2 CompilerThread0" daemon [_thread_in_native, id=8640, stack(0x0000008143460000,0x0000008143560000)]
  0x000000814257a000 JavaThread "C1 CompilerThread0" daemon [_thread_in_native, id=1284, stack(0x0000008143560000,0x0000008143660000)]
  0x000000814257f000 JavaThread "Sweeper thread" daemon [_thread_blocked, id=2800, stack(0x0000008143660000,0x0000008143760000)]
  0x00000081438ab800 JavaThread "Service Thread" daemon [_thread_blocked, id=6988, stack(0x0000008143b60000,0x0000008143c60000)]
  0x00000081438be000 JavaThread "Common-Cleaner" daemon [_thread_blocked, id=2716, stack(0x0000008143d60000,0x0000008143e60000)]
  0x0000008144562800 JavaThread "ForkJoinPool.commonPool-worker-3" daemon [_thread_blocked, id=8828, stack(0x0000008144960000,0x0000008144a60000)]
  0x0000008144a9e000 JavaThread "AsyncHttpClient-1-1" daemon [_thread_blocked, id=7820, stack(0x0000008145d30000,0x0000008145e30000)]
  0x0000008144547800 JavaThread "Exec Default Executor" daemon [_thread_in_native, id=10440, stack(0x0000008146430000,0x0000008146530000)]
  0x00000081445bd000 JavaThread "Driver Service Executor" daemon [_thread_blocked, id=4492, stack(0x0000008146530000,0x0000008146630000)]
  0x0000008143a98000 JavaThread "Driver Service Executor" daemon [_thread_blocked, id=6588, stack(0x0000008146630000,0x0000008146730000)]
  0x000000814397c000 JavaThread "UrlChecker-2" daemon [_thread_blocked, id=5400, stack(0x0000008146730000,0x0000008146830000)]
  0x000000814397d000 JavaThread "Exec Stream Pumper" daemon [_thread_in_native, id=8332, stack(0x0000008146830000,0x0000008146930000)]
  0x0000008144428800 JavaThread "Exec Stream Pumper" daemon [_thread_in_native, id=7052, stack(0x0000008146930000,0x0000008146a30000)]
  0x000000814442d000 JavaThread "Keep-Alive-Timer" daemon [_thread_blocked, id=7692, stack(0x0000008146c30000,0x0000008146d30000)]

Other Threads:
  0x0000008142538000 VMThread "VM Thread" [stack: 0x0000008142dd0000,0x0000008142ed0000] [id=9496]
  0x00000081438b9000 WatcherThread [stack: 0x0000008143c60000,0x0000008143d60000] [id=6616]
  0x0000008125f28800 GCTaskThread "GC Thread#0" [stack: 0x0000008125b90000,0x0000008125c90000] [id=10888]
  0x0000008144595000 GCTaskThread "GC Thread#1" [stack: 0x0000008145a30000,0x0000008145b30000] [id=8888]
  0x0000008125f43800 ConcurrentGCThread "G1 Main Marker" [stack: 0x000000813fb90000,0x000000813fc90000] [id=8444]
  0x0000008125f45000 ConcurrentGCThread "G1 Conc#0" [stack: 0x000000813fc90000,0x000000813fd90000] [id=7872]
  0x0000008125f9f000 ConcurrentGCThread "G1 Refine#0" [stack: 0x00000081421d0000,0x00000081422d0000] [id=5360]
  0x0000008125fa0000 ConcurrentGCThread "G1 Young RemSet Sampling" [stack: 0x00000081422d0000,0x00000081423d0000] [id=2840]

Threads with active compile tasks:
C2 CompilerThread0   7579 1394  s!   4       jdk.internal.loader.URLClassPath::getLoader (194 bytes)
C1 CompilerThread0   7579 1415       3       java.lang.invoke.TypeConvertingMethodAdapter::convertType (299 bytes)

VM state:not at safepoint (normal execution)

VM Mutex/Monitor currently owned by a thread: None

Heap address: 0x00000000c0e00000, size: 1010 MB, Compressed Oops mode: 32-bit
Narrow klass base: 0x0000000000000000, Narrow klass shift: 3
Compressed class space size: 1073741824 Address: 0x0000000100000000

Heap:
 garbage-first heap   total 65536K, used 13292K [0x00000000c0e00000, 0x0000000100000000)
  region size 1024K, 8 young (8192K), 3 survivors (3072K)
 Metaspace       used 19556K, capacity 19928K, committed 19968K, reserved 1067008K
  class space    used 2133K, capacity 2290K, committed 2304K, reserved 1048576K
Heap Regions: E=young(eden), S=young(survivor), O=old, HS=humongous(starts), HC=humongous(continues), CS=collection set, F=free, A=archive, TAMS=top-at-mark-start (previous, next)
|   0|0x00000000c0e00000, 0x00000000c0f00000, 0x00000000c0f00000|100%|HS|  |TAMS 0x00000000c0e00000, 0x00000000c0e00000| Complete 
|   1|0x00000000c0f00000, 0x00000000c1000000, 0x00000000c1000000|100%|HC|  |TAMS 0x00000000c0f00000, 0x00000000c0f00000| Complete 
|   2|0x00000000c1000000, 0x00000000c1100000, 0x00000000c1100000|100%| O|  |TAMS 0x00000000c1000000, 0x00000000c1000000| Untracked 
|   3|0x00000000c1100000, 0x00000000c1200000, 0x00000000c1200000|100%| O|  |TAMS 0x00000000c1100000, 0x00000000c1100000| Untracked 
|   4|0x00000000c1200000, 0x00000000c1300000, 0x00000000c1300000|100%| O|  |TAMS 0x00000000c1200000, 0x00000000c1200000| Untracked 
|   5|0x00000000c1300000, 0x00000000c1400000, 0x00000000c1400000|100%| O|  |TAMS 0x00000000c1300000, 0x00000000c1300000| Untracked 
|   6|0x00000000c1400000, 0x00000000c1469400, 0x00000000c1500000| 41%| O|  |TAMS 0x00000000c1400000, 0x00000000c1400000| Untracked 
|   7|0x00000000c1500000, 0x00000000c1500000, 0x00000000c1600000|  0%| F|  |TAMS 0x00000000c1500000, 0x00000000c1500000| Untracked 
|   8|0x00000000c1600000, 0x00000000c1600000, 0x00000000c1700000|  0%| F|  |TAMS 0x00000000c1600000, 0x00000000c1600000| Untracked 
|   9|0x00000000c1700000, 0x00000000c1700000, 0x00000000c1800000|  0%| F|  |TAMS 0x00000000c1700000, 0x00000000c1700000| Untracked 
|  10|0x00000000c1800000, 0x00000000c1800000, 0x00000000c1900000|  0%| F|  |TAMS 0x00000000c1800000, 0x00000000c1800000| Untracked 
|  11|0x00000000c1900000, 0x00000000c1900000, 0x00000000c1a00000|  0%| F|  |TAMS 0x00000000c1900000, 0x00000000c1900000| Untracked 
|  12|0x00000000c1a00000, 0x00000000c1a00000, 0x00000000c1b00000|  0%| F|  |TAMS 0x00000000c1a00000, 0x00000000c1a00000| Untracked 
|  13|0x00000000c1b00000, 0x00000000c1b00000, 0x00000000c1c00000|  0%| F|  |TAMS 0x00000000c1b00000, 0x00000000c1b00000| Untracked 
|  14|0x00000000c1c00000, 0x00000000c1c00000, 0x00000000c1d00000|  0%| F|  |TAMS 0x00000000c1c00000, 0x00000000c1c00000| Untracked 
|  15|0x00000000c1d00000, 0x00000000c1d00000, 0x00000000c1e00000|  0%| F|  |TAMS 0x00000000c1d00000, 0x00000000c1d00000| Untracked 
|  16|0x00000000c1e00000, 0x00000000c1e00000, 0x00000000c1f00000|  0%| F|  |TAMS 0x00000000c1e00000, 0x00000000c1e00000| Untracked 
|  17|0x00000000c1f00000, 0x00000000c1f00000, 0x00000000c2000000|  0%| F|  |TAMS 0x00000000c1f00000, 0x00000000c1f00000| Untracked 
|  18|0x00000000c2000000, 0x00000000c2000000, 0x00000000c2100000|  0%| F|  |TAMS 0x00000000c2000000, 0x00000000c2000000| Untracked 
|  19|0x00000000c2100000, 0x00000000c2100000, 0x00000000c2200000|  0%| F|  |TAMS 0x00000000c2100000, 0x00000000c2100000| Untracked 
|  20|0x00000000c2200000, 0x00000000c2200000, 0x00000000c2300000|  0%| F|  |TAMS 0x00000000c2200000, 0x00000000c2200000| Untracked 
|  21|0x00000000c2300000, 0x00000000c2300000, 0x00000000c2400000|  0%| F|  |TAMS 0x00000000c2300000, 0x00000000c2300000| Untracked 
|  22|0x00000000c2400000, 0x00000000c2400000, 0x00000000c2500000|  0%| F|  |TAMS 0x00000000c2400000, 0x00000000c2400000| Untracked 
|  23|0x00000000c2500000, 0x00000000c2500000, 0x00000000c2600000|  0%| F|  |TAMS 0x00000000c2500000, 0x00000000c2500000| Untracked 
|  24|0x00000000c2600000, 0x00000000c2600000, 0x00000000c2700000|  0%| F|  |TAMS 0x00000000c2600000, 0x00000000c2600000| Untracked 
|  25|0x00000000c2700000, 0x00000000c2700000, 0x00000000c2800000|  0%| F|  |TAMS 0x00000000c2700000, 0x00000000c2700000| Untracked 
|  26|0x00000000c2800000, 0x00000000c2800000, 0x00000000c2900000|  0%| F|  |TAMS 0x00000000c2800000, 0x00000000c2800000| Untracked 
|  27|0x00000000c2900000, 0x00000000c2900000, 0x00000000c2a00000|  0%| F|  |TAMS 0x00000000c2900000, 0x00000000c2900000| Untracked 
|  28|0x00000000c2a00000, 0x00000000c2a00000, 0x00000000c2b00000|  0%| F|  |TAMS 0x00000000c2a00000, 0x00000000c2a00000| Untracked 
|  29|0x00000000c2b00000, 0x00000000c2b00000, 0x00000000c2c00000|  0%| F|  |TAMS 0x00000000c2b00000, 0x00000000c2b00000| Untracked 
|  30|0x00000000c2c00000, 0x00000000c2c00000, 0x00000000c2d00000|  0%| F|  |TAMS 0x00000000c2c00000, 0x00000000c2c00000| Untracked 
|  31|0x00000000c2d00000, 0x00000000c2d00000, 0x00000000c2e00000|  0%| F|  |TAMS 0x00000000c2d00000, 0x00000000c2d00000| Untracked 
|  32|0x00000000c2e00000, 0x00000000c2e00000, 0x00000000c2f00000|  0%| F|  |TAMS 0x00000000c2e00000, 0x00000000c2e00000| Untracked 
|  33|0x00000000c2f00000, 0x00000000c2f00000, 0x00000000c3000000|  0%| F|  |TAMS 0x00000000c2f00000, 0x00000000c2f00000| Untracked 
|  34|0x00000000c3000000, 0x00000000c3000000, 0x00000000c3100000|  0%| F|  |TAMS 0x00000000c3000000, 0x00000000c3000000| Untracked 
|  35|0x00000000c3100000, 0x00000000c3100000, 0x00000000c3200000|  0%| F|  |TAMS 0x00000000c3100000, 0x00000000c3100000| Untracked 
|  36|0x00000000c3200000, 0x00000000c3200000, 0x00000000c3300000|  0%| F|  |TAMS 0x00000000c3200000, 0x00000000c3200000| Untracked 
|  37|0x00000000c3300000, 0x00000000c3300000, 0x00000000c3400000|  0%| F|  |TAMS 0x00000000c3300000, 0x00000000c3300000| Untracked 
|  38|0x00000000c3400000, 0x00000000c3491cb0, 0x00000000c3500000| 56%| S|CS|TAMS 0x00000000c3400000, 0x00000000c3400000| Complete 
|  39|0x00000000c3500000, 0x00000000c3600000, 0x00000000c3600000|100%| S|CS|TAMS 0x00000000c3500000, 0x00000000c3500000| Complete 
|  40|0x00000000c3600000, 0x00000000c3700000, 0x00000000c3700000|100%| S|CS|TAMS 0x00000000c3600000, 0x00000000c3600000| Complete 
|  41|0x00000000c3700000, 0x00000000c3700000, 0x00000000c3800000|  0%| F|  |TAMS 0x00000000c3700000, 0x00000000c3700000| Untracked 
|  42|0x00000000c3800000, 0x00000000c3800000, 0x00000000c3900000|  0%| F|  |TAMS 0x00000000c3800000, 0x00000000c3800000| Untracked 
|  43|0x00000000c3900000, 0x00000000c3900000, 0x00000000c3a00000|  0%| F|  |TAMS 0x00000000c3900000, 0x00000000c3900000| Untracked 
|  44|0x00000000c3a00000, 0x00000000c3a00000, 0x00000000c3b00000|  0%| F|  |TAMS 0x00000000c3a00000, 0x00000000c3a00000| Untracked 
|  45|0x00000000c3b00000, 0x00000000c3b00000, 0x00000000c3c00000|  0%| F|  |TAMS 0x00000000c3b00000, 0x00000000c3b00000| Untracked 
|  46|0x00000000c3c00000, 0x00000000c3c00000, 0x00000000c3d00000|  0%| F|  |TAMS 0x00000000c3c00000, 0x00000000c3c00000| Untracked 
|  47|0x00000000c3d00000, 0x00000000c3d00000, 0x00000000c3e00000|  0%| F|  |TAMS 0x00000000c3d00000, 0x00000000c3d00000| Untracked 
|  48|0x00000000c3e00000, 0x00000000c3e00000, 0x00000000c3f00000|  0%| F|  |TAMS 0x00000000c3e00000, 0x00000000c3e00000| Untracked 
|  49|0x00000000c3f00000, 0x00000000c3f00000, 0x00000000c4000000|  0%| F|  |TAMS 0x00000000c3f00000, 0x00000000c3f00000| Untracked 
|  50|0x00000000c4000000, 0x00000000c4000000, 0x00000000c4100000|  0%| F|  |TAMS 0x00000000c4000000, 0x00000000c4000000| Untracked 
|  51|0x00000000c4100000, 0x00000000c4100000, 0x00000000c4200000|  0%| F|  |TAMS 0x00000000c4100000, 0x00000000c4100000| Untracked 
|  52|0x00000000c4200000, 0x00000000c4200000, 0x00000000c4300000|  0%| F|  |TAMS 0x00000000c4200000, 0x00000000c4200000| Untracked 
|  53|0x00000000c4300000, 0x00000000c4300000, 0x00000000c4400000|  0%| F|  |TAMS 0x00000000c4300000, 0x00000000c4300000| Untracked 
|  54|0x00000000c4400000, 0x00000000c4400000, 0x00000000c4500000|  0%| F|  |TAMS 0x00000000c4400000, 0x00000000c4400000| Untracked 
|  55|0x00000000c4500000, 0x00000000c4500000, 0x00000000c4600000|  0%| F|  |TAMS 0x00000000c4500000, 0x00000000c4500000| Untracked 
|  56|0x00000000c4600000, 0x00000000c4600000, 0x00000000c4700000|  0%| F|  |TAMS 0x00000000c4600000, 0x00000000c4600000| Untracked 
|  57|0x00000000c4700000, 0x00000000c4700000, 0x00000000c4800000|  0%| F|  |TAMS 0x00000000c4700000, 0x00000000c4700000| Untracked 
|  58|0x00000000c4800000, 0x00000000c4800000, 0x00000000c4900000|  0%| F|  |TAMS 0x00000000c4800000, 0x00000000c4800000| Untracked 
|  59|0x00000000c4900000, 0x00000000c497ad48, 0x00000000c4a00000| 47%| E|  |TAMS 0x00000000c4900000, 0x00000000c4900000| Complete 
|  60|0x00000000c4a00000, 0x00000000c4b00000, 0x00000000c4b00000|100%| E|CS|TAMS 0x00000000c4a00000, 0x00000000c4a00000| Complete 
|  61|0x00000000c4b00000, 0x00000000c4c00000, 0x00000000c4c00000|100%| E|CS|TAMS 0x00000000c4b00000, 0x00000000c4b00000| Complete 
|  62|0x00000000c4c00000, 0x00000000c4d00000, 0x00000000c4d00000|100%| E|CS|TAMS 0x00000000c4c00000, 0x00000000c4c00000| Complete 
|  63|0x00000000c4d00000, 0x00000000c4e00000, 0x00000000c4e00000|100%| E|CS|TAMS 0x00000000c4d00000, 0x00000000c4d00000| Complete 

Card table byte_map: [0x000000813d7c0000,0x000000813d9c0000] _byte_map_base: 0x000000813d1b9000

Marking Bits (Prev, Next): (CMBitMap*) 0x0000008125f3ec38, (CMBitMap*) 0x0000008125f3ec70
 Prev Bits: [0x000000813dbc0000, 0x000000813eb88000)
 Next Bits: [0x000000813eb90000, 0x000000813fb58000)

Polling page: 0x0000008123f50000

Metaspace:

Usage:
  Non-class:     17.22 MB capacity,    17.01 MB ( 99%) used,   175.39 KB ( <1%) free+waste,    40.00 KB ( <1%) overhead. 
      Class:      2.24 MB capacity,     2.08 MB ( 93%) used,   136.77 KB (  6%) free+waste,    19.63 KB ( <1%) overhead. 
       Both:     19.46 MB capacity,    19.10 MB ( 98%) used,   312.16 KB (  2%) free+waste,    59.63 KB ( <1%) overhead. 

Virtual space:
  Non-class space:       18.00 MB reserved,      17.25 MB ( 96%) committed 
      Class space:        1.00 GB reserved,       2.25 MB ( <1%) committed 
             Both:        1.02 GB reserved,      19.50 MB (  2%) committed 

Chunk freelists:
   Non-Class:  3.25 KB
       Class:  0 bytes
        Both:  3.25 KB

CodeHeap 'non-profiled nmethods': size=120064Kb used=462Kb max_used=462Kb free=119601Kb
 bounds [0x0000008135e60000, 0x00000081360d0000, 0x000000813d3a0000]
CodeHeap 'profiled nmethods': size=120000Kb used=2656Kb max_used=2656Kb free=117343Kb
 bounds [0x000000812e930000, 0x000000812ebd0000, 0x0000008135e60000]
CodeHeap 'non-nmethods': size=5696Kb used=1127Kb max_used=1140Kb free=4568Kb
 bounds [0x000000812e3a0000, 0x000000812e610000, 0x000000812e930000]
 total_blobs=1861 nmethods=1406 adapters=367
 compilation: enabled
              stopped_count=0, restarted_count=0
 full_count=0

Compilation events (10 events):
Event: 7.268 Thread 0x000000814257a000 1392       3       java.nio.Buffer::flip (20 bytes)
Event: 7.268 Thread 0x000000814257a000 nmethod 1392 0x000000812ebc1810 code [0x000000812ebc19a0, 0x000000812ebc1ab8]
Event: 7.279 Thread 0x00000081425ce000 1394  s!   4       jdk.internal.loader.URLClassPath::getLoader (194 bytes)
Event: 7.297 Thread 0x000000814257a000 1395       1       java.util.Formatter$Flags::valueOf (5 bytes)
Event: 7.297 Thread 0x000000814257a000 nmethod 1395 0x0000008135ed2e10 code [0x0000008135ed2fa0, 0x0000008135ed3058]
Event: 7.326 Thread 0x000000814257a000 1396       3       sun.reflect.generics.parser.SignatureParser::current (59 bytes)
Event: 7.327 Thread 0x000000814257a000 nmethod 1396 0x000000812ebc1b90 code [0x000000812ebc1da0, 0x000000812ebc2478]
Event: 7.327 Thread 0x000000814257a000 1397       3       sun.reflect.generics.parser.SignatureParser::advance (53 bytes)
Event: 7.328 Thread 0x000000814257a000 nmethod 1397 0x000000812ebc2710 code [0x000000812ebc28c0, 0x000000812ebc2b18]
Event: 7.328 Thread 0x000000814257a000 1398       3       java.lang.Character::isWhitespace (5 bytes)

GC Heap History (6 events):
Event: 3.066 GC heap before
{Heap before GC invocations=0 (full 0):
 garbage-first heap   total 65536K, used 15360K [0x00000000c0e00000, 0x0000000100000000)
  region size 1024K, 14 young (14336K), 0 survivors (0K)
 Metaspace       used 10080K, capacity 10260K, committed 10368K, reserved 1058816K
  class space    used 982K, capacity 1058K, committed 1152K, reserved 1048576K
}
Event: 3.073 GC heap after
{Heap after GC invocations=1 (full 0):
 garbage-first heap   total 65536K, used 6194K [0x00000000c0e00000, 0x0000000100000000)
  region size 1024K, 2 young (2048K), 2 survivors (2048K)
 Metaspace       used 10080K, capacity 10260K, committed 10368K, reserved 1058816K
  class space    used 982K, capacity 1058K, committed 1152K, reserved 1048576K
}
Event: 3.637 GC heap before
{Heap before GC invocations=1 (full 0):
 garbage-first heap   total 65536K, used 16434K [0x00000000c0e00000, 0x0000000100000000)
  region size 1024K, 12 young (12288K), 2 survivors (2048K)
 Metaspace       used 12131K, capacity 12291K, committed 12416K, reserved 1060864K
  class space    used 1232K, capacity 1310K, committed 1408K, reserved 1048576K
}
Event: 3.643 GC heap after
{Heap after GC invocations=2 (full 0):
 garbage-first heap   total 65536K, used 7135K [0x00000000c0e00000, 0x0000000100000000)
  region size 1024K, 1 young (1024K), 1 survivors (1024K)
 Metaspace       used 12131K, capacity 12291K, committed 12416K, reserved 1060864K
  class space    used 1232K, capacity 1310K, committed 1408K, reserved 1048576K
}
Event: 6.427 GC heap before
{Heap before GC invocations=2 (full 0):
 garbage-first heap   total 65536K, used 29663K [0x00000000c0e00000, 0x0000000100000000)
  region size 1024K, 23 young (23552K), 1 survivors (1024K)
 Metaspace       used 18353K, capacity 18720K, committed 18816K, reserved 1067008K
  class space    used 1983K, capacity 2117K, committed 2176K, reserved 1048576K
}
Event: 6.439 GC heap after
{Heap after GC invocations=3 (full 0):
 garbage-first heap   total 65536K, used 9196K [0x00000000c0e00000, 0x0000000100000000)
  region size 1024K, 3 young (3072K), 3 survivors (3072K)
 Metaspace       used 18353K, capacity 18720K, committed 18816K, reserved 1067008K
  class space    used 1983K, capacity 2117K, committed 2176K, reserved 1048576K
}

Deoptimization events (7 events):
Event: 0.515 Thread 0x0000008125f14000 Uncommon trap: reason=unstable_if action=reinterpret pc=0x0000008135e6521c method=java.lang.String.hashCode()I @ 14 c2
Event: 0.523 Thread 0x0000008125f14000 Uncommon trap: reason=unstable_if action=reinterpret pc=0x0000008135e61390 method=java.lang.String.isLatin1()Z @ 10 c2
Event: 1.784 Thread 0x0000008125f14000 Uncommon trap: reason=unstable_if action=reinterpret pc=0x0000008135e7b990 method=java.util.zip.ZipFile$Source.isMetaName([BII)Z @ 43 c2
Event: 2.889 Thread 0x0000008125f14000 Uncommon trap: reason=unstable_if action=reinterpret pc=0x0000008135e7be80 method=java.io.WinNTFileSystem.isSlash(C)Z @ 9 c2
Event: 4.010 Thread 0x0000008125f14000 Uncommon trap: reason=unstable_if action=reinterpret pc=0x0000008135e8d10c method=java.lang.Integer.getChars(II[B)I @ 25 c2
Event: 6.725 Thread 0x000000814397c000 Uncommon trap: reason=unstable_if action=reinterpret pc=0x0000008135ea7f48 method=java.lang.CharacterDataLatin1.digit(II)I @ 12 c2
Event: 7.255 Thread 0x000000814397c000 Uncommon trap: reason=unstable_if action=reinterpret pc=0x0000008135ea5644 method=java.lang.CharacterDataLatin1.digit(II)I @ 12 c2

Classes redefined (0 events):
No events

Internal exceptions (10 events):
Event: 6.177 Thread 0x0000008125f14000 Exception <a 'java/lang/IncompatibleClassChangeError'{0x00000000c380cbe8}: Found class java.lang.Object, but interface was expected> (0x00000000c380cbe8) thrown at [./open/src/hotspot/share/interpreter/linkResolver.cpp, line 838]
Event: 6.187 Thread 0x0000008125f14000 Exception <a 'java/lang/NoSuchMethodError'{0x00000000c3814e98}: java.lang.invoke.DirectMethodHandle$Holder.invokeSpecialIFC(Ljava/lang/Object;Ljava/lang/Object;Ljava/lang/Object;Ljava/lang/Object;)I> (0x00000000c3814e98) thrown at [./open/src/hotspot/shar
Event: 6.206 Thread 0x0000008125f14000 Exception <a 'java/lang/NoSuchMethodError'{0x00000000c3823f58}: java.lang.invoke.DirectMethodHandle$Holder.invokeInterface(Ljava/lang/Object;Ljava/lang/Object;Ljava/lang/Object;Ljava/lang/Object;)Ljava/lang/Object;> (0x00000000c3823f58) thrown at [./open/
Event: 6.215 Thread 0x0000008125f14000 Exception <a 'java/lang/NoSuchMethodError'{0x00000000c383a120}: java.lang.invoke.DirectMethodHandle$Holder.invokeVirtual(Ljava/lang/Object;Ljava/lang/Object;Ljava/lang/Object;)Ljava/lang/Object;> (0x00000000c383a120) thrown at [./open/src/hotspot/share/in
Event: 6.622 Thread 0x0000008144547800 Exception <a 'java/lang/NoSuchMethodError'{0x00000000c4c94298}: java.lang.invoke.DirectMethodHandle$Holder.invokeStatic(Ljava/lang/Object;J)V> (0x00000000c4c94298) thrown at [./open/src/hotspot/share/interpreter/linkResolver.cpp, line 772]
Event: 6.628 Thread 0x0000008144547800 Exception <a 'java/lang/NoSuchMethodError'{0x00000000c4c99200}: java.lang.invoke.DirectMethodHandle$Holder.invokeStatic(Ljava/lang/Object;J)Ljava/lang/Object;> (0x00000000c4c99200) thrown at [./open/src/hotspot/share/interpreter/linkResolver.cpp, line 772
Event: 6.638 Thread 0x0000008144547800 Exception <a 'java/lang/NoSuchMethodError'{0x00000000c4ca6f90}: java.lang.invoke.DirectMethodHandle$Holder.invokeStaticInit(Ljava/lang/Object;Ljava/lang/Object;JLjava/lang/Object;)Ljava/lang/Object;> (0x00000000c4ca6f90) thrown at [./open/src/hotspot/shar
Event: 6.638 Thread 0x0000008144547800 Exception <a 'java/lang/NoSuchMethodError'{0x00000000c4cac9f0}: java.lang.invoke.DirectMethodHandle$Holder.invokeStatic(Ljava/lang/Object;Ljava/lang/Object;J)Ljava/lang/Object;> (0x00000000c4cac9f0) thrown at [./open/src/hotspot/share/interpreter/linkReso
Event: 6.664 Thread 0x0000008144547800 Exception <a 'java/lang/NoSuchMethodError'{0x00000000c4cb2cc0}: java.lang.invoke.Invokers$Holder.linkToTargetMethod(Ljava/lang/Object;JLjava/lang/Object;)Ljava/lang/Object;> (0x00000000c4cb2cc0) thrown at [./open/src/hotspot/share/interpreter/linkResolver
Event: 7.226 Thread 0x000000814397c000 Exception <a 'java/net/SocketTimeoutException'{0x00000000c4cfd638}: connect timed out> (0x00000000c4cfd638) thrown at [./open/src/hotspot/share/prims/jni.cpp, line 632]

Events (10 events):
Event: 7.326 loading class java/lang/reflect/TypeVariable
Event: 7.327 loading class java/lang/reflect/TypeVariable done
Event: 7.327 loading class sun/reflect/generics/reflectiveObjects/TypeVariableImpl
Event: 7.327 loading class sun/reflect/generics/reflectiveObjects/LazyReflectiveObjectGenerator
Event: 7.327 loading class sun/reflect/generics/reflectiveObjects/LazyReflectiveObjectGenerator done
Event: 7.327 loading class sun/reflect/generics/reflectiveObjects/TypeVariableImpl done
Event: 7.328 loading class sun/reflect/generics/tree/TypeVariableSignature
Event: 7.328 loading class sun/reflect/generics/tree/TypeVariableSignature done
Event: 7.328 loading class org/openqa/selenium/json/Json$2
Event: 7.328 loading class org/openqa/selenium/json/Json$2 done


Dynamic libraries:
0x000007f735a60000 - 0x000007f735a6f000 	C:\Program Files\Java\jdk-11.0.11\bin\javaw.exe
0x000007f971a00000 - 0x000007f971bbe000 	C:\Windows\SYSTEM32\ntdll.dll
0x000007f970ce0000 - 0x000007f970e16000 	C:\Windows\system32\KERNEL32.DLL
0x000007f96ea00000 - 0x000007f96eaf3000 	C:\Windows\system32\KERNELBASE.dll
0x000007f969c30000 - 0x000007f969c48000 	C:\Program Files\Java\jdk-11.0.11\bin\jli.dll
0x000007f969bd0000 - 0x000007f969be5000 	C:\Program Files\Java\jdk-11.0.11\bin\VCRUNTIME140.dll
0x000007f96c460000 - 0x000007f96c464000 	C:\Program Files\Java\jdk-11.0.11\bin\api-ms-win-crt-stdio-l1-1-0.dll
0x000007f969b90000 - 0x000007f969b94000 	C:\Program Files\Java\jdk-11.0.11\bin\api-ms-win-crt-runtime-l1-1-0.dll
0x000007f969b80000 - 0x000007f969b83000 	C:\Program Files\Java\jdk-11.0.11\bin\api-ms-win-crt-environment-l1-1-0.dll
0x000007f969050000 - 0x000007f969055000 	C:\Program Files\Java\jdk-11.0.11\bin\api-ms-win-crt-math-l1-1-0.dll
0x000007f969040000 - 0x000007f969043000 	C:\Program Files\Java\jdk-11.0.11\bin\api-ms-win-crt-locale-l1-1-0.dll
0x000007f969030000 - 0x000007f969033000 	C:\Program Files\Java\jdk-11.0.11\bin\api-ms-win-crt-heap-l1-1-0.dll
0x000007f970f20000 - 0x000007f970ffe000 	C:\Windows\system32\ADVAPI32.dll
0x000007f96be20000 - 0x000007f96c089000 	C:\Windows\WinSxS\amd64_microsoft.windows.common-controls_6595b64144ccf1df_6.0.9200.16384_none_418c2a697189c07f\COMCTL32.dll
0x000007f970500000 - 0x000007f97064c000 	C:\Windows\system32\USER32.dll
0x000007f96dc70000 - 0x000007f96dc79000 	C:\Windows\SYSTEM32\VERSION.dll
0x000007f969020000 - 0x000007f969023000 	C:\Program Files\Java\jdk-11.0.11\bin\api-ms-win-crt-filesystem-l1-1-0.dll
0x000007f968550000 - 0x000007f968554000 	C:\Program Files\Java\jdk-11.0.11\bin\api-ms-win-crt-string-l1-1-0.dll
0x000007f968540000 - 0x000007f968544000 	C:\Program Files\Java\jdk-11.0.11\bin\api-ms-win-crt-convert-l1-1-0.dll
0x000007f970450000 - 0x000007f9704f5000 	C:\Windows\system32\msvcrt.dll
0x000007f9714e0000 - 0x000007f971528000 	C:\Windows\SYSTEM32\sechost.dll
0x000007f96f020000 - 0x000007f96f160000 	C:\Windows\system32\RPCRT4.dll
0x000007f970800000 - 0x000007f970940000 	C:\Windows\system32\GDI32.dll
0x000007f964420000 - 0x000007f96451a000 	C:\Program Files\Java\jdk-11.0.11\bin\ucrtbase.DLL
0x000007f971230000 - 0x000007f971269000 	C:\Windows\system32\IMM32.DLL
0x000007f96ee70000 - 0x000007f96ef84000 	C:\Windows\system32\MSCTF.dll
0x000007f964380000 - 0x000007f96441b000 	C:\Program Files\Java\jdk-11.0.11\bin\msvcp140.dll
0x000007f968530000 - 0x000007f968533000 	C:\Program Files\Java\jdk-11.0.11\bin\api-ms-win-crt-time-l1-1-0.dll
0x000007f966130000 - 0x000007f966133000 	C:\Program Files\Java\jdk-11.0.11\bin\api-ms-win-crt-utility-l1-1-0.dll
0x000007f95ca60000 - 0x000007f95d55e000 	C:\Program Files\Java\jdk-11.0.11\bin\server\jvm.dll
0x000007f96a5e0000 - 0x000007f96a5e9000 	C:\Windows\SYSTEM32\WSOCK32.dll
0x000007f9685a0000 - 0x000007f9685c0000 	C:\Windows\SYSTEM32\WINMM.dll
0x000007f971870000 - 0x000007f971877000 	C:\Windows\system32\PSAPI.DLL
0x000007f96efc0000 - 0x000007f96f018000 	C:\Windows\system32\WS2_32.dll
0x000007f968560000 - 0x000007f968592000 	C:\Windows\SYSTEM32\WINMMBASE.dll
0x000007f96efb0000 - 0x000007f96efb9000 	C:\Windows\system32\NSI.dll
0x000007f96a3d0000 - 0x000007f96a3e0000 	C:\Program Files\Java\jdk-11.0.11\bin\verify.dll
0x000007f967a20000 - 0x000007f967b83000 	C:\Windows\SYSTEM32\DBGHELP.DLL
0x000007f969fb0000 - 0x000007f969fd8000 	C:\Program Files\Java\jdk-11.0.11\bin\java.dll
0x000007f969fa0000 - 0x000007f969faa000 	C:\Program Files\Java\jdk-11.0.11\bin\jimage.dll
0x000007f969f80000 - 0x000007f969f96000 	C:\Program Files\Java\jdk-11.0.11\bin\zip.dll
0x000007f96f160000 - 0x000007f970445000 	C:\Windows\system32\SHELL32.dll
0x000007f970650000 - 0x000007f970800000 	C:\Windows\SYSTEM32\combase.dll
0x000007f970e20000 - 0x000007f970e70000 	C:\Windows\system32\SHLWAPI.dll
0x000007f96db90000 - 0x000007f96dc26000 	C:\Windows\SYSTEM32\SHCORE.dll
0x000007f96e930000 - 0x000007f96e945000 	C:\Windows\SYSTEM32\profapi.dll
0x000007f969f60000 - 0x000007f969f79000 	C:\Program Files\Java\jdk-11.0.11\bin\net.dll
0x000007f966c10000 - 0x000007f966cc4000 	C:\Windows\SYSTEM32\WINHTTP.dll
0x000007f96e180000 - 0x000007f96e1dc000 	C:\Windows\system32\mswsock.dll
0x000007f969f40000 - 0x000007f969f52000 	C:\Program Files\Java\jdk-11.0.11\bin\nio.dll
0x000007f96dfc0000 - 0x000007f96e058000 	C:\Windows\SYSTEM32\DNSAPI.dll
0x000007f962e10000 - 0x000007f962e18000 	C:\Windows\System32\rasadhlp.dll
0x000007f968c60000 - 0x000007f968cbf000 	C:\Windows\System32\fwpuclnt.dll
0x000007f969800000 - 0x000007f969809000 	C:\Program Files\Java\jdk-11.0.11\bin\management.dll
0x000007f969370000 - 0x000007f96937b000 	C:\Program Files\Java\jdk-11.0.11\bin\management_ext.dll
0x000007f969f10000 - 0x000007f969f35000 	C:\Program Files\Java\jdk-11.0.11\bin\sunec.dll
0x000007f96e1e0000 - 0x000007f96e1fa000 	C:\Windows\SYSTEM32\CRYPTSP.dll
0x000007f96de60000 - 0x000007f96dea9000 	C:\Windows\system32\rsaenh.dll
0x000007f96df60000 - 0x000007f96df7f000 	C:\Windows\SYSTEM32\USERENV.dll
0x000007f96e770000 - 0x000007f96e77a000 	C:\Windows\SYSTEM32\CRYPTBASE.dll
0x000007f96e710000 - 0x000007f96e76c000 	C:\Windows\SYSTEM32\bcryptPrimitives.dll
0x000007f969330000 - 0x000007f96935c000 	C:\Windows\SYSTEM32\IPHLPAPI.DLL
0x000007f969300000 - 0x000007f96930a000 	C:\Windows\SYSTEM32\WINNSI.DLL
0x000007f968920000 - 0x000007f968933000 	C:\Windows\SYSTEM32\dhcpcsvc6.DLL
0x000007f968bc0000 - 0x000007f968bd8000 	C:\Windows\SYSTEM32\dhcpcsvc.DLL

dbghelp: loaded successfully - version: 4.0.5 - missing functions: none
symbol engine: initialized successfully - sym options: 0x614 - pdb path: .;C:\Program Files\Java\jdk-11.0.11\bin;C:\Windows\SYSTEM32;C:\Windows\WinSxS\amd64_microsoft.windows.common-controls_6595b64144ccf1df_6.0.9200.16384_none_418c2a697189c07f;C:\Program Files\Java\jdk-11.0.11\bin\server

VM Arguments:
jvm_args: -Dfile.encoding=Cp1252 
java_command: Udemy.RowColoumnCount
java_class_path (initial): E:\selenium workspace\MyTestProject\bin;C:\selenium-java-4.0.0 (1)\selenium-api-4.0.0.jar;C:\selenium-java-4.0.0 (1)\selenium-api-4.0.0-sources.jar;C:\selenium-java-4.0.0 (1)\selenium-chrome-driver-4.0.0.jar;C:\selenium-java-4.0.0 (1)\selenium-chrome-driver-4.0.0-sources.jar;C:\selenium-java-4.0.0 (1)\selenium-chromium-driver-4.0.0.jar;C:\selenium-java-4.0.0 (1)\selenium-chromium-driver-4.0.0-sources.jar;C:\selenium-java-4.0.0 (1)\selenium-devtools-v85-4.0.0.jar;C:\selenium-java-4.0.0 (1)\selenium-devtools-v85-4.0.0-sources.jar;C:\selenium-java-4.0.0 (1)\selenium-devtools-v93-4.0.0.jar;C:\selenium-java-4.0.0 (1)\selenium-devtools-v93-4.0.0-sources.jar;C:\selenium-java-4.0.0 (1)\selenium-devtools-v94-4.0.0.jar;C:\selenium-java-4.0.0 (1)\selenium-devtools-v94-4.0.0-sources.jar;C:\selenium-java-4.0.0 (1)\selenium-devtools-v95-4.0.0.jar;C:\selenium-java-4.0.0 (1)\selenium-devtools-v95-4.0.0-sources.jar;C:\selenium-java-4.0.0 (1)\selenium-edge-driver-4.0.0.jar;C:\selenium-java-4.0.0 (1)\selenium-edge-driver-4.0.0-sources.jar;C:\selenium-java-4.0.0 (1)\selenium-firefox-driver-4.0.0.jar;C:\selenium-java-4.0.0 (1)\selenium-firefox-driver-4.0.0-sources.jar;C:\selenium-java-4.0.0 (1)\selenium-firefox-xpi-driver-4.0.0.jar;C:\selenium-java-4.0.0 (1)\selenium-firefox-xpi-driver-4.0.0-sources.jar;C:\selenium-java-4.0.0 (1)\selenium-http-4.0.0.jar;C:\selenium-java-4.0.0 (1)\selenium-http-4.0.0-sources.jar;C:\selenium-java-4.0.0 (1)\selenium-ie-driver-4.0.0.jar;C:\selenium-java-4.0.0 (1)\selenium-ie-driver-4.0.0-sources.jar;C:\selenium-java-4.0.0 (1)\selenium-java-4.0.0.jar;C:\selenium-java-4.0.0 (1)\selenium-java-4.0.0-sources.jar;C:\selenium-java-4.0.0 (1)\selenium-json-4.0.0.jar;C:\selenium-java-4.0.0 (1)\selenium-json-4.0.0-sources.jar;C:\selenium-java-4.0.0 (1)\selenium-opera-driver-4.0.0.jar;C:\selenium-java-4.0.0 (1)\selenium-opera-driver-4.0.0-sources.jar;C:\selenium-java-4.0.0 (1)\selenium-remote-driver-4.0.0.jar;C:\selenium-java-4.0.0 (1)\sele
Launcher Type: SUN_STANDARD

[Global flags]
     intx CICompilerCount                          = 3                                         {product} {ergonomic}
     uint ConcGCThreads                            = 1                                         {product} {ergonomic}
     uint G1ConcRefinementThreads                  = 4                                         {product} {ergonomic}
   size_t G1HeapRegionSize                         = 1048576                                   {product} {ergonomic}
    uintx GCDrainStackTargetSize                   = 64                                        {product} {ergonomic}
   size_t InitialHeapSize                          = 67108864                                  {product} {ergonomic}
   size_t MarkStackSize                            = 4194304                                   {product} {ergonomic}
   size_t MaxHeapSize                              = 1059061760                                {product} {ergonomic}
   size_t MaxNewSize                               = 635437056                                 {product} {ergonomic}
   size_t MinHeapDeltaBytes                        = 1048576                                   {product} {ergonomic}
    uintx NonNMethodCodeHeapSize                   = 5830732                                {pd product} {ergonomic}
    uintx NonProfiledCodeHeapSize                  = 122913754                              {pd product} {ergonomic}
    uintx ProfiledCodeHeapSize                     = 122913754                              {pd product} {ergonomic}
    uintx ReservedCodeCacheSize                    = 251658240                              {pd product} {ergonomic}
     bool SegmentedCodeCache                       = true                                      {product} {ergonomic}
     bool UseCompressedClassPointers               = true                                 {lp64_product} {ergonomic}
     bool UseCompressedOops                        = true                                 {lp64_product} {ergonomic}
     bool UseG1GC                                  = true                                      {product} {ergonomic}
     bool UseLargePagesIndividualAllocation        = false                                  {pd product} {ergonomic}

Logging:
Log output configuration:
 #0: stdout all=warning uptime,level,tags
 #1: stderr all=off uptime,level,tags

Environment Variables:
JAVA_HOME=C:\Program Files\Java\jdk-11.0.11
PATH=C:/Program Files/Java/jdk-11.0.11/bin/server;C:/Program Files/Java/jdk-11.0.11/bin;C:\oraclexe\app\oracle\product\11.2.0\server\bin;E:\oracle\product\10.2.0\db_1\bin;C:\Windows\system32;C:\Windows;C:\Windows\System32\Wbem;C:\Windows\System32\WindowsPowerShell\v1.0\;C:\Program Files (x86)\Common Files\lenovo\easyplussdk\bin;C:\Program Files\nodejs\;C:\Program Files\Java\jdk-11.0.11\bin;C:\Program Files\apache-maven-3.8.5\bin;C:\Users\AVIK\AppData\Roaming\npm;;C:\Users\AVIK\Desktop;
USERNAME=AVIK
OS=Windows_NT
PROCESSOR_IDENTIFIER=Intel64 Family 6 Model 69 Stepping 1, GenuineIntel



---------------  S Y S T E M  ---------------

OS: Windows 8 , 64 bit Build 9200 (6.2.9200.16384)

CPU:total 4 (initial active 4) (2 cores per cpu, 2 threads per core) family 6 model 69 stepping 1 microcode 0x1c, cmov, cx8, fxsr, mmx, sse, sse2, sse3, ssse3, sse4.1, sse4.2, popcnt, avx, avx2, aes, clmul, erms, lzcnt, ht, tsc, tscinvbit, bmi1, bmi2, fma

Memory: 4k page, system-wide physical 4032M (124M free)
TotalPageFile size 16320M (AvailPageFile size 4M)
current process WorkingSet (physical memory assigned to process): 87M, peak: 87M
current process commit charge ("private bytes"): 158M, peak: 159M

vm_info: Java HotSpot(TM) 64-Bit Server VM (11.0.11+9-LTS-194) for windows-amd64 JRE (11.0.11+9-LTS-194), built on Mar 18 2021 18:46:53 by "mach5one" with MS VC++ 15.9 (VS2017)

END.
